{"uid":"2471adad7d9c05e0","name":"Проверка заказа в процессе выполнения","fullName":"tests.test_feed_order_page.TestFeedOrderPage#test_get_orders_in_progress","historyId":"ed954e45fff6dfd4adc7eb8a923ef2e0","time":{"start":1727870856975,"stop":1727870858033,"duration":1058},"status":"failed","statusMessage":"AssertionError: assert 127935 == 127936\n +  where 127935 = int('0127935')\n +  and   127936 = int('127936')","statusTrace":"self = <test_feed_order_page.TestFeedOrderPage object at 0x107dc0860>, create_order_1 = (<pages.page_object_feed_order.FeedOrderPage object at 0x107f4a000>, '127936')\n\n    @allure.title(\"Проверка заказа в процессе выполнения\")\n    def test_get_orders_in_progress(self, create_order_1):\n        order_page, order_number = create_order_1\n        orders_in_progress = order_page.get_orders_in_progress()\n    \n        with allure.step(\"Проверка соответствия номера заказа в процессе выполнения\"):\n>           assert int(orders_in_progress[0]) == int(order_number)\nE           AssertionError: assert 127935 == 127936\nE            +  where 127935 = int('0127935')\nE            +  and   127936 = int('127936')\n\ntests/test_feed_order_page.py:50: AssertionError","flaky":false,"newFailed":false,"newBroken":false,"newPassed":false,"retriesCount":0,"retriesStatusChange":false,"beforeStages":[{"name":"_session_faker","time":{"start":1727870803066,"stop":1727870803173,"duration":107},"status":"passed","steps":[],"attachments":[],"parameters":[],"stepsCount":0,"hasContent":false,"shouldDisplayMessage":false,"attachmentsCount":0,"attachmentStep":false},{"name":"driver","time":{"start":1727870849034,"stop":1727870849947,"duration":913},"status":"passed","steps":[],"attachments":[],"parameters":[],"stepsCount":0,"hasContent":false,"shouldDisplayMessage":false,"attachmentsCount":0,"attachmentStep":false},{"name":"create_and_delete_user","time":{"start":1727870849947,"stop":1727870850563,"duration":616},"status":"passed","steps":[],"attachments":[],"parameters":[],"stepsCount":0,"hasContent":false,"shouldDisplayMessage":false,"attachmentsCount":0,"attachmentStep":false},{"name":"create_order_1","time":{"start":1727870850563,"stop":1727870856974,"duration":6411},"status":"passed","steps":[],"attachments":[],"parameters":[],"stepsCount":0,"hasContent":false,"shouldDisplayMessage":false,"attachmentsCount":0,"attachmentStep":false}],"testStage":{"status":"failed","statusMessage":"AssertionError: assert 127935 == 127936\n +  where 127935 = int('0127935')\n +  and   127936 = int('127936')","statusTrace":"self = <test_feed_order_page.TestFeedOrderPage object at 0x107dc0860>, create_order_1 = (<pages.page_object_feed_order.FeedOrderPage object at 0x107f4a000>, '127936')\n\n    @allure.title(\"Проверка заказа в процессе выполнения\")\n    def test_get_orders_in_progress(self, create_order_1):\n        order_page, order_number = create_order_1\n        orders_in_progress = order_page.get_orders_in_progress()\n    \n        with allure.step(\"Проверка соответствия номера заказа в процессе выполнения\"):\n>           assert int(orders_in_progress[0]) == int(order_number)\nE           AssertionError: assert 127935 == 127936\nE            +  where 127935 = int('0127935')\nE            +  and   127936 = int('127936')\n\ntests/test_feed_order_page.py:50: AssertionError","steps":[{"name":"Проверка соответствия номера заказа в процессе выполнения","time":{"start":1727870858032,"stop":1727870858032,"duration":0},"status":"failed","statusMessage":"AssertionError: assert 127935 == 127936\n +  where 127935 = int('0127935')\n +  and   127936 = int('127936')\n","statusTrace":"  File \"/Users/natalagoncarova/Desktop/Diplom/Diplom_3/tests/test_feed_order_page.py\", line 50, in test_get_orders_in_progress\n    assert int(orders_in_progress[0]) == int(order_number)\n","steps":[],"attachments":[],"parameters":[],"stepsCount":0,"hasContent":true,"shouldDisplayMessage":true,"attachmentsCount":0,"attachmentStep":false}],"attachments":[],"parameters":[],"stepsCount":1,"hasContent":true,"shouldDisplayMessage":true,"attachmentsCount":0,"attachmentStep":false},"afterStages":[{"name":"create_order_1::0","time":{"start":1727870858039,"stop":1727870858039,"duration":0},"status":"passed","steps":[],"attachments":[],"parameters":[],"stepsCount":0,"hasContent":false,"shouldDisplayMessage":false,"attachmentsCount":0,"attachmentStep":false},{"name":"create_and_delete_user::0","time":{"start":1727870858041,"stop":1727870858611,"duration":570},"status":"passed","steps":[],"attachments":[],"parameters":[],"stepsCount":0,"hasContent":false,"shouldDisplayMessage":false,"attachmentsCount":0,"attachmentStep":false},{"name":"driver::0","time":{"start":1727870858613,"stop":1727870858762,"duration":149},"status":"passed","steps":[],"attachments":[],"parameters":[],"stepsCount":0,"hasContent":false,"shouldDisplayMessage":false,"attachmentsCount":0,"attachmentStep":false}],"labels":[{"name":"parentSuite","value":"tests"},{"name":"suite","value":"test_feed_order_page"},{"name":"subSuite","value":"TestFeedOrderPage"},{"name":"host","value":"MacBook-Pro-Natala.local"},{"name":"thread","value":"48729-MainThread"},{"name":"framework","value":"pytest"},{"name":"language","value":"cpython3"},{"name":"package","value":"tests.test_feed_order_page"},{"name":"resultFormat","value":"allure2"}],"parameters":[],"links":[],"hidden":true,"retry":true,"extra":{"categories":[],"tags":[]},"source":"2471adad7d9c05e0.json","parameterValues":[]}